This file contains any messages produced by compilers while
running configure, to aid debugging if configure makes a mistake.

It was created by configure, which was
generated by GNU Autoconf 2.68.  Invocation command line was

  $ ./configure 

## --------- ##
## Platform. ##
## --------- ##

hostname = ubuntu
uname -m = x86_64
uname -r = 3.11.0-13-generic
uname -s = Linux
uname -v = #20-Ubuntu SMP Wed Oct 23 07:38:26 UTC 2013

/usr/bin/uname -p = unknown
/bin/uname -X     = unknown

/bin/arch              = unknown
/usr/bin/arch -k       = unknown
/usr/convex/getsysinfo = unknown
/usr/bin/hostinfo      = unknown
/bin/machine           = unknown
/usr/bin/oslevel       = unknown
/bin/universe          = unknown

PATH: /usr/lib/lightdm/lightdm
PATH: /usr/local/sbin
PATH: /usr/local/bin
PATH: /usr/sbin
PATH: /usr/bin
PATH: /sbin
PATH: /bin
PATH: /usr/games
PATH: /usr/local/games


## ----------- ##
## Core tests. ##
## ----------- ##

configure:2367: checking for a BSD-compatible install
configure:2435: result: /usr/bin/install -c
configure:2446: checking whether build environment is sane
configure:2496: result: yes
configure:2637: checking for a thread-safe mkdir -p
configure:2676: result: /bin/mkdir -p
configure:2689: checking for gawk
configure:2719: result: no
configure:2689: checking for mawk
configure:2705: found /usr/bin/mawk
configure:2716: result: mawk
configure:2727: checking whether make sets $(MAKE)
configure:2749: result: yes
configure:2837: checking for gawk
configure:2864: result: mawk
configure:2923: checking for gcc
configure:2939: found /usr/bin/gcc
configure:2950: result: gcc
configure:3179: checking for C compiler version
configure:3188: gcc --version >&5
gcc (Ubuntu/Linaro 4.8.1-10ubuntu8) 4.8.1
Copyright (C) 2013 Free Software Foundation, Inc.
This is free software; see the source for copying conditions.  There is NO
warranty; not even for MERCHANTABILITY or FITNESS FOR A PARTICULAR PURPOSE.

configure:3199: $? = 0
configure:3188: gcc -v >&5
Using built-in specs.
COLLECT_GCC=gcc
COLLECT_LTO_WRAPPER=/usr/lib/gcc/x86_64-linux-gnu/4.8/lto-wrapper
Target: x86_64-linux-gnu
Configured with: ../src/configure -v --with-pkgversion='Ubuntu/Linaro 4.8.1-10ubuntu8' --with-bugurl=file:///usr/share/doc/gcc-4.8/README.Bugs --enable-languages=c,c++,java,go,d,fortran,objc,obj-c++ --prefix=/usr --program-suffix=-4.8 --enable-shared --enable-linker-build-id --libexecdir=/usr/lib --without-included-gettext --enable-threads=posix --with-gxx-include-dir=/usr/include/c++/4.8 --libdir=/usr/lib --enable-nls --with-sysroot=/ --enable-clocale=gnu --enable-libstdcxx-debug --enable-libstdcxx-time=yes --enable-gnu-unique-object --enable-plugin --with-system-zlib --disable-browser-plugin --enable-java-awt=gtk --enable-gtk-cairo --with-java-home=/usr/lib/jvm/java-1.5.0-gcj-4.8-amd64/jre --enable-java-home --with-jvm-root-dir=/usr/lib/jvm/java-1.5.0-gcj-4.8-amd64 --with-jvm-jar-dir=/usr/lib/jvm-exports/java-1.5.0-gcj-4.8-amd64 --with-arch-directory=amd64 --with-ecj-jar=/usr/share/java/eclipse-ecj.jar --enable-objc-gc --enable-multiarch --disable-werror --with-arch-32=i686 --with-abi=m64 --with-multilib-list=m32,m64,mx32 --with-tune=generic --enable-checking=release --build=x86_64-linux-gnu --host=x86_64-linux-gnu --target=x86_64-linux-gnu
Thread model: posix
gcc version 4.8.1 (Ubuntu/Linaro 4.8.1-10ubuntu8) 
configure:3199: $? = 0
configure:3188: gcc -V >&5
gcc: error: unrecognized command line option '-V'
gcc: fatal error: no input files
compilation terminated.
configure:3199: $? = 4
configure:3188: gcc -qversion >&5
gcc: error: unrecognized command line option '-qversion'
gcc: fatal error: no input files
compilation terminated.
configure:3199: $? = 4
configure:3219: checking whether the C compiler works
configure:3241: gcc    conftest.c  >&5
configure:3245: $? = 0
configure:3293: result: yes
configure:3296: checking for C compiler default output file name
configure:3298: result: a.out
configure:3304: checking for suffix of executables
configure:3311: gcc -o conftest    conftest.c  >&5
configure:3315: $? = 0
configure:3337: result: 
configure:3359: checking whether we are cross compiling
configure:3367: gcc -o conftest    conftest.c  >&5
configure:3371: $? = 0
configure:3378: ./conftest
configure:3382: $? = 0
configure:3397: result: no
configure:3402: checking for suffix of object files
configure:3424: gcc -c   conftest.c >&5
configure:3428: $? = 0
configure:3449: result: o
configure:3453: checking whether we are using the GNU C compiler
configure:3472: gcc -c   conftest.c >&5
configure:3472: $? = 0
configure:3481: result: yes
configure:3490: checking whether gcc accepts -g
configure:3510: gcc -c -g  conftest.c >&5
configure:3510: $? = 0
configure:3551: result: yes
configure:3568: checking for gcc option to accept ISO C89
configure:3632: gcc  -c -g -O2  conftest.c >&5
configure:3632: $? = 0
configure:3645: result: none needed
configure:3676: checking for style of include used by make
configure:3704: result: GNU
configure:3729: checking dependency style of gcc
configure:3839: result: gcc3
configure:3855: checking whether ln -s works
configure:3859: result: yes
configure:3895: checking build system type
configure:3909: result: x86_64-unknown-linux-gnu
configure:3929: checking host system type
configure:3942: result: x86_64-unknown-linux-gnu
configure:3983: checking how to print strings
configure:4010: result: printf
configure:4031: checking for a sed that does not truncate output
configure:4095: result: /bin/sed
configure:4113: checking for grep that handles long lines and -e
configure:4171: result: /bin/grep
configure:4176: checking for egrep
configure:4238: result: /bin/grep -E
configure:4243: checking for fgrep
configure:4305: result: /bin/grep -F
configure:4340: checking for ld used by gcc
configure:4407: result: /usr/bin/ld
configure:4414: checking if the linker (/usr/bin/ld) is GNU ld
configure:4429: result: yes
configure:4441: checking for BSD- or MS-compatible name lister (nm)
configure:4490: result: /usr/bin/nm -B
configure:4620: checking the name lister (/usr/bin/nm -B) interface
configure:4627: gcc -c -g -O2  conftest.c >&5
configure:4630: /usr/bin/nm -B "conftest.o"
configure:4633: output
0000000000000000 B some_variable
configure:4640: result: BSD nm
configure:4644: checking the maximum length of command line arguments
configure:4769: result: 3458764513820540925
configure:4786: checking whether the shell understands some XSI constructs
configure:4796: result: yes
configure:4800: checking whether the shell understands "+="
configure:4806: result: yes
configure:4841: checking how to convert x86_64-unknown-linux-gnu file names to x86_64-unknown-linux-gnu format
configure:4881: result: func_convert_file_noop
configure:4888: checking how to convert x86_64-unknown-linux-gnu file names to toolchain format
configure:4908: result: func_convert_file_noop
configure:4915: checking for /usr/bin/ld option to reload object files
configure:4922: result: -r
configure:4996: checking for objdump
configure:5012: found /usr/bin/objdump
configure:5023: result: objdump
configure:5055: checking how to recognize dependent libraries
configure:5257: result: pass_all
configure:5342: checking for dlltool
configure:5372: result: no
configure:5402: checking how to associate runtime and link libraries
configure:5429: result: printf %s\n
configure:5490: checking for ar
configure:5506: found /usr/bin/ar
configure:5517: result: ar
configure:5554: checking for archiver @FILE support
configure:5571: gcc -c -g -O2  conftest.c >&5
configure:5571: $? = 0
configure:5574: ar cru libconftest.a @conftest.lst >&5
configure:5577: $? = 0
configure:5582: ar cru libconftest.a @conftest.lst >&5
ar: conftest.o: No such file or directory
configure:5585: $? = 1
configure:5597: result: @
configure:5655: checking for strip
configure:5671: found /usr/bin/strip
configure:5682: result: strip
configure:5754: checking for ranlib
configure:5770: found /usr/bin/ranlib
configure:5781: result: ranlib
configure:5883: checking command to parse /usr/bin/nm -B output from gcc object
configure:6002: gcc -c -g -O2  conftest.c >&5
configure:6005: $? = 0
configure:6009: /usr/bin/nm -B conftest.o \| sed -n -e 's/^.*[ ]\([ABCDGIRSTW][ABCDGIRSTW]*\)[ ][ ]*\([_A-Za-z][_A-Za-z0-9]*\)$/\1 \2 \2/p' | sed '/ __gnu_lto/d' \> conftest.nm
configure:6012: $? = 0
configure:6078: gcc -o conftest -g -O2   conftest.c conftstm.o >&5
configure:6081: $? = 0
configure:6119: result: ok
configure:6156: checking for sysroot
configure:6186: result: no
configure:6263: gcc -c -g -O2  conftest.c >&5
configure:6266: $? = 0
configure:6429: checking for mt
configure:6445: found /bin/mt
configure:6456: result: mt
configure:6479: checking if mt is a manifest tool
configure:6485: mt '-?'
configure:6493: result: no
configure:7125: checking how to run the C preprocessor
configure:7156: gcc -E  conftest.c
configure:7156: $? = 0
configure:7170: gcc -E  conftest.c
conftest.c:11:28: fatal error: ac_nonexistent.h: No such file or directory
 #include <ac_nonexistent.h>
                            ^
compilation terminated.
configure:7170: $? = 1
configure: failed program was:
| /* confdefs.h */
| #define PACKAGE_NAME ""
| #define PACKAGE_TARNAME ""
| #define PACKAGE_VERSION ""
| #define PACKAGE_STRING ""
| #define PACKAGE_BUGREPORT ""
| #define PACKAGE_URL ""
| #define PACKAGE "cmph"
| #define VERSION "2.0"
| /* end confdefs.h.  */
| #include <ac_nonexistent.h>
configure:7195: result: gcc -E
configure:7215: gcc -E  conftest.c
configure:7215: $? = 0
configure:7229: gcc -E  conftest.c
conftest.c:11:28: fatal error: ac_nonexistent.h: No such file or directory
 #include <ac_nonexistent.h>
                            ^
compilation terminated.
configure:7229: $? = 1
configure: failed program was:
| /* confdefs.h */
| #define PACKAGE_NAME ""
| #define PACKAGE_TARNAME ""
| #define PACKAGE_VERSION ""
| #define PACKAGE_STRING ""
| #define PACKAGE_BUGREPORT ""
| #define PACKAGE_URL ""
| #define PACKAGE "cmph"
| #define VERSION "2.0"
| /* end confdefs.h.  */
| #include <ac_nonexistent.h>
configure:7258: checking for ANSI C header files
configure:7278: gcc -c -g -O2  conftest.c >&5
configure:7278: $? = 0
configure:7351: gcc -o conftest -g -O2   conftest.c  >&5
configure:7351: $? = 0
configure:7351: ./conftest
configure:7351: $? = 0
configure:7362: result: yes
configure:7375: checking for sys/types.h
configure:7375: gcc -c -g -O2  conftest.c >&5
configure:7375: $? = 0
configure:7375: result: yes
configure:7375: checking for sys/stat.h
configure:7375: gcc -c -g -O2  conftest.c >&5
configure:7375: $? = 0
configure:7375: result: yes
configure:7375: checking for stdlib.h
configure:7375: gcc -c -g -O2  conftest.c >&5
configure:7375: $? = 0
configure:7375: result: yes
configure:7375: checking for string.h
configure:7375: gcc -c -g -O2  conftest.c >&5
configure:7375: $? = 0
configure:7375: result: yes
configure:7375: checking for memory.h
configure:7375: gcc -c -g -O2  conftest.c >&5
configure:7375: $? = 0
configure:7375: result: yes
configure:7375: checking for strings.h
configure:7375: gcc -c -g -O2  conftest.c >&5
configure:7375: $? = 0
configure:7375: result: yes
configure:7375: checking for inttypes.h
configure:7375: gcc -c -g -O2  conftest.c >&5
configure:7375: $? = 0
configure:7375: result: yes
configure:7375: checking for stdint.h
configure:7375: gcc -c -g -O2  conftest.c >&5
configure:7375: $? = 0
configure:7375: result: yes
configure:7375: checking for unistd.h
configure:7375: gcc -c -g -O2  conftest.c >&5
configure:7375: $? = 0
configure:7375: result: yes
configure:7389: checking for dlfcn.h
configure:7389: gcc -c -g -O2  conftest.c >&5
configure:7389: $? = 0
configure:7389: result: yes
configure:7576: checking for objdir
configure:7591: result: .libs
configure:7858: checking if gcc supports -fno-rtti -fno-exceptions
configure:7876: gcc -c -g -O2  -fno-rtti -fno-exceptions conftest.c >&5
cc1: warning: command line option '-fno-rtti' is valid for C++/ObjC++ but not for C [enabled by default]
configure:7880: $? = 0
configure:7893: result: no
configure:8203: checking for gcc option to produce PIC
configure:8210: result: -fPIC -DPIC
configure:8218: checking if gcc PIC flag -fPIC -DPIC works
configure:8236: gcc -c -g -O2  -fPIC -DPIC -DPIC conftest.c >&5
configure:8240: $? = 0
configure:8253: result: yes
configure:8282: checking if gcc static flag -static works
configure:8310: result: yes
configure:8325: checking if gcc supports -c -o file.o
configure:8346: gcc -c -g -O2  -o out/conftest2.o conftest.c >&5
configure:8350: $? = 0
configure:8372: result: yes
configure:8380: checking if gcc supports -c -o file.o
configure:8427: result: yes
configure:8460: checking whether the gcc linker (/usr/bin/ld -m elf_x86_64) supports shared libraries
configure:9618: result: yes
configure:9655: checking whether -lc should be explicitly linked in
configure:9663: gcc -c -g -O2  conftest.c >&5
configure:9666: $? = 0
configure:9681: gcc -shared  -fPIC -DPIC conftest.o  -v -Wl,-soname -Wl,conftest -o conftest 2\>\&1 \| /bin/grep  -lc  \>/dev/null 2\>\&1
configure:9684: $? = 0
configure:9698: result: no
configure:9863: checking dynamic linker characteristics
configure:10390: gcc -o conftest -g -O2   -Wl,-rpath -Wl,/foo conftest.c  >&5
configure:10390: $? = 0
configure:10612: result: GNU/Linux ld.so
configure:10719: checking how to hardcode library paths into programs
configure:10744: result: immediate
configure:11284: checking whether stripping libraries is possible
configure:11289: result: yes
configure:11324: checking if libtool supports shared libraries
configure:11326: result: yes
configure:11329: checking whether to build shared libraries
configure:11350: result: yes
configure:11353: checking whether to build static libraries
configure:11357: result: yes
configure:11442: checking for getconf
configure:11458: found /usr/bin/getconf
configure:11469: result: getconf
configure:11491: checking for CFLAGS value to request large file support
configure:11528: result: 
configure:11530: checking for LDFLAGS value to request large file support
configure:11540: result: 
configure:11542: checking for LIBS value to request large file support
configure:11552: result: 
configure:11597: checking for _FILE_OFFSET_BITS
configure:11614: result: no
configure:11628: checking for _LARGEFILE_SOURCE
configure:11649: result: no
configure:11658: checking for _LARGE_FILES
configure:11679: result: no
configure:11706: checking getopt.h usability
configure:11706: gcc -c  -g -O2  conftest.c >&5
configure:11706: $? = 0
configure:11706: result: yes
configure:11706: checking getopt.h presence
configure:11706: gcc -E  conftest.c
configure:11706: $? = 0
configure:11706: result: yes
configure:11706: checking for getopt.h
configure:11706: result: yes
configure:11706: checking math.h usability
configure:11706: gcc -c  -g -O2  conftest.c >&5
configure:11706: $? = 0
configure:11706: result: yes
configure:11706: checking math.h presence
configure:11706: gcc -E  conftest.c
configure:11706: $? = 0
configure:11706: result: yes
configure:11706: checking for math.h
configure:11706: result: yes
configure:11805: checking for cos in -lm
configure:11830: gcc -o conftest  -g -O2    conftest.c -lm    >&5
conftest.c:32:6: warning: conflicting types for built-in function 'cos' [enabled by default]
 char cos ();
      ^
configure:11830: $? = 0
configure:11839: result: yes
configure:11910: checking for g++
configure:11940: result: no
configure:11910: checking for c++
configure:11940: result: no
configure:11910: checking for gpp
configure:11940: result: no
configure:11910: checking for aCC
configure:11940: result: no
configure:11910: checking for CC
configure:11940: result: no
configure:11910: checking for cxx
configure:11940: result: no
configure:11910: checking for cc++
configure:11940: result: no
configure:11910: checking for cl.exe
configure:11940: result: no
configure:11910: checking for FCC
configure:11940: result: no
configure:11910: checking for KCC
configure:11940: result: no
configure:11910: checking for RCC
configure:11940: result: no
configure:11910: checking for xlC_r
configure:11940: result: no
configure:11910: checking for xlC
configure:11940: result: no
configure:11964: checking for C++ compiler version
configure:11973: g++ --version >&5
./configure: line 11975: g++: command not found
configure:11984: $? = 127
configure:11973: g++ -v >&5
./configure: line 11975: g++: command not found
configure:11984: $? = 127
configure:11973: g++ -V >&5
./configure: line 11975: g++: command not found
configure:11984: $? = 127
configure:11973: g++ -qversion >&5
./configure: line 11975: g++: command not found
configure:11984: $? = 127
configure:11988: checking whether we are using the GNU C++ compiler
configure:12007: g++ -c   conftest.cpp >&5
./configure: line 1863: g++: command not found
configure:12007: $? = 127
configure: failed program was:
| /* confdefs.h */
| #define PACKAGE_NAME ""
| #define PACKAGE_TARNAME ""
| #define PACKAGE_VERSION ""
| #define PACKAGE_STRING ""
| #define PACKAGE_BUGREPORT ""
| #define PACKAGE_URL ""
| #define PACKAGE "cmph"
| #define VERSION "2.0"
| #define STDC_HEADERS 1
| #define HAVE_SYS_TYPES_H 1
| #define HAVE_SYS_STAT_H 1
| #define HAVE_STDLIB_H 1
| #define HAVE_STRING_H 1
| #define HAVE_MEMORY_H 1
| #define HAVE_STRINGS_H 1
| #define HAVE_INTTYPES_H 1
| #define HAVE_STDINT_H 1
| #define HAVE_UNISTD_H 1
| #define HAVE_DLFCN_H 1
| #define LT_OBJDIR ".libs/"
| #define HAVE_GETOPT_H 1
| #define HAVE_MATH_H 1
| /* end confdefs.h.  */
| 
| int
| main ()
| {
| #ifndef __GNUC__
|        choke me
| #endif
| 
|   ;
|   return 0;
| }
configure:12016: result: no
configure:12025: checking whether g++ accepts -g
configure:12045: g++ -c -g  conftest.cpp >&5
./configure: line 1863: g++: command not found
configure:12045: $? = 127
configure: failed program was:
| /* confdefs.h */
| #define PACKAGE_NAME ""
| #define PACKAGE_TARNAME ""
| #define PACKAGE_VERSION ""
| #define PACKAGE_STRING ""
| #define PACKAGE_BUGREPORT ""
| #define PACKAGE_URL ""
| #define PACKAGE "cmph"
| #define VERSION "2.0"
| #define STDC_HEADERS 1
| #define HAVE_SYS_TYPES_H 1
| #define HAVE_SYS_STAT_H 1
| #define HAVE_STDLIB_H 1
| #define HAVE_STRING_H 1
| #define HAVE_MEMORY_H 1
| #define HAVE_STRINGS_H 1
| #define HAVE_INTTYPES_H 1
| #define HAVE_STDINT_H 1
| #define HAVE_UNISTD_H 1
| #define HAVE_DLFCN_H 1
| #define LT_OBJDIR ".libs/"
| #define HAVE_GETOPT_H 1
| #define HAVE_MATH_H 1
| /* end confdefs.h.  */
| 
| int
| main ()
| {
| 
|   ;
|   return 0;
| }
configure:12060: g++ -c   conftest.cpp >&5
./configure: line 1863: g++: command not found
configure:12060: $? = 127
configure: failed program was:
| /* confdefs.h */
| #define PACKAGE_NAME ""
| #define PACKAGE_TARNAME ""
| #define PACKAGE_VERSION ""
| #define PACKAGE_STRING ""
| #define PACKAGE_BUGREPORT ""
| #define PACKAGE_URL ""
| #define PACKAGE "cmph"
| #define VERSION "2.0"
| #define STDC_HEADERS 1
| #define HAVE_SYS_TYPES_H 1
| #define HAVE_SYS_STAT_H 1
| #define HAVE_STDLIB_H 1
| #define HAVE_STRING_H 1
| #define HAVE_MEMORY_H 1
| #define HAVE_STRINGS_H 1
| #define HAVE_INTTYPES_H 1
| #define HAVE_STDINT_H 1
| #define HAVE_UNISTD_H 1
| #define HAVE_DLFCN_H 1
| #define LT_OBJDIR ".libs/"
| #define HAVE_GETOPT_H 1
| #define HAVE_MATH_H 1
| /* end confdefs.h.  */
| 
| int
| main ()
| {
| 
|   ;
|   return 0;
| }
configure:12076: g++ -c -g  conftest.cpp >&5
./configure: line 1863: g++: command not found
configure:12076: $? = 127
configure: failed program was:
| /* confdefs.h */
| #define PACKAGE_NAME ""
| #define PACKAGE_TARNAME ""
| #define PACKAGE_VERSION ""
| #define PACKAGE_STRING ""
| #define PACKAGE_BUGREPORT ""
| #define PACKAGE_URL ""
| #define PACKAGE "cmph"
| #define VERSION "2.0"
| #define STDC_HEADERS 1
| #define HAVE_SYS_TYPES_H 1
| #define HAVE_SYS_STAT_H 1
| #define HAVE_STDLIB_H 1
| #define HAVE_STRING_H 1
| #define HAVE_MEMORY_H 1
| #define HAVE_STRINGS_H 1
| #define HAVE_INTTYPES_H 1
| #define HAVE_STDINT_H 1
| #define HAVE_UNISTD_H 1
| #define HAVE_DLFCN_H 1
| #define LT_OBJDIR ".libs/"
| #define HAVE_GETOPT_H 1
| #define HAVE_MATH_H 1
| /* end confdefs.h.  */
| 
| int
| main ()
| {
| 
|   ;
|   return 0;
| }
configure:12086: result: no
configure:12111: checking dependency style of g++
configure:12221: result: none
configure:15741: checking if there is spoon
configure:15743: result: no
configure:15890: creating ./config.status

## ---------------------- ##
## Running config.status. ##
## ---------------------- ##

This file was extended by config.status, which was
generated by GNU Autoconf 2.68.  Invocation command line was

  CONFIG_FILES    = 
  CONFIG_HEADERS  = 
  CONFIG_LINKS    = 
  CONFIG_COMMANDS = 
  $ ./config.status 

on ubuntu

config.status:1169: creating Makefile
config.status:1169: creating src/Makefile
config.status:1169: creating cxxmph/Makefile
config.status:1169: creating tests/Makefile
config.status:1169: creating examples/Makefile
config.status:1169: creating man/Makefile
config.status:1169: creating cmph.pc
config.status:1169: creating cxxmph.pc
config.status:1169: creating config.h
config.status:1350: config.h is unchanged
config.status:1398: executing depfiles commands
config.status:1398: executing libtool commands

## ---------------- ##
## Cache variables. ##
## ---------------- ##

ac_cv_build=x86_64-unknown-linux-gnu
ac_cv_c_compiler_gnu=yes
ac_cv_cxx_compiler_gnu=no
ac_cv_env_CCC_set=
ac_cv_env_CCC_value=
ac_cv_env_CC_set=
ac_cv_env_CC_value=
ac_cv_env_CFLAGS_set=
ac_cv_env_CFLAGS_value=
ac_cv_env_CPPFLAGS_set=
ac_cv_env_CPPFLAGS_value=
ac_cv_env_CPP_set=
ac_cv_env_CPP_value=
ac_cv_env_CXXCPP_set=
ac_cv_env_CXXCPP_value=
ac_cv_env_CXXFLAGS_set=
ac_cv_env_CXXFLAGS_value=
ac_cv_env_CXX_set=
ac_cv_env_CXX_value=
ac_cv_env_LDFLAGS_set=
ac_cv_env_LDFLAGS_value=
ac_cv_env_LIBS_set=
ac_cv_env_LIBS_value=
ac_cv_env_build_alias_set=
ac_cv_env_build_alias_value=
ac_cv_env_host_alias_set=
ac_cv_env_host_alias_value=
ac_cv_env_target_alias_set=
ac_cv_env_target_alias_value=
ac_cv_header_dlfcn_h=yes
ac_cv_header_getopt_h=yes
ac_cv_header_inttypes_h=yes
ac_cv_header_math_h=yes
ac_cv_header_memory_h=yes
ac_cv_header_stdc=yes
ac_cv_header_stdint_h=yes
ac_cv_header_stdlib_h=yes
ac_cv_header_string_h=yes
ac_cv_header_strings_h=yes
ac_cv_header_sys_stat_h=yes
ac_cv_header_sys_types_h=yes
ac_cv_header_unistd_h=yes
ac_cv_host=x86_64-unknown-linux-gnu
ac_cv_lib_m_cos=yes
ac_cv_objext=o
ac_cv_path_EGREP='/bin/grep -E'
ac_cv_path_FGREP='/bin/grep -F'
ac_cv_path_GREP=/bin/grep
ac_cv_path_SED=/bin/sed
ac_cv_path_install='/usr/bin/install -c'
ac_cv_path_mkdir=/bin/mkdir
ac_cv_prog_AWK=mawk
ac_cv_prog_CPP='gcc -E'
ac_cv_prog_ac_ct_AR=ar
ac_cv_prog_ac_ct_CC=gcc
ac_cv_prog_ac_ct_GETCONF=getconf
ac_cv_prog_ac_ct_MANIFEST_TOOL=mt
ac_cv_prog_ac_ct_OBJDUMP=objdump
ac_cv_prog_ac_ct_RANLIB=ranlib
ac_cv_prog_ac_ct_STRIP=strip
ac_cv_prog_cc_c89=
ac_cv_prog_cc_g=yes
ac_cv_prog_cxx_g=no
ac_cv_prog_make_make_set=yes
ac_cv_sys_file_offset_bits=no
ac_cv_sys_large_files=no
ac_cv_sys_largefile_CFLAGS=
ac_cv_sys_largefile_LDFLAGS=
ac_cv_sys_largefile_LIBS=
ac_cv_sys_largefile_source=no
am_cv_CC_dependencies_compiler_type=gcc3
am_cv_CXX_dependencies_compiler_type=none
lt_cv_ar_at_file=@
lt_cv_archive_cmds_need_lc=no
lt_cv_deplibs_check_method=pass_all
lt_cv_file_magic_cmd='$MAGIC_CMD'
lt_cv_file_magic_test_file=
lt_cv_ld_reload_flag=-r
lt_cv_nm_interface='BSD nm'
lt_cv_objdir=.libs
lt_cv_path_LD=/usr/bin/ld
lt_cv_path_NM='/usr/bin/nm -B'
lt_cv_path_mainfest_tool=no
lt_cv_prog_compiler_c_o=yes
lt_cv_prog_compiler_pic='-fPIC -DPIC'
lt_cv_prog_compiler_pic_works=yes
lt_cv_prog_compiler_rtti_exceptions=no
lt_cv_prog_compiler_static_works=yes
lt_cv_prog_gnu_ld=yes
lt_cv_sharedlib_from_linklib_cmd='printf %s\n'
lt_cv_shlibpath_overrides_runpath=no
lt_cv_sys_global_symbol_pipe='sed -n -e '\''s/^.*[	 ]\([ABCDGIRSTW][ABCDGIRSTW]*\)[	 ][	 ]*\([_A-Za-z][_A-Za-z0-9]*\)$/\1 \2 \2/p'\'' | sed '\''/ __gnu_lto/d'\'''
lt_cv_sys_global_symbol_to_c_name_address='sed -n -e '\''s/^: \([^ ]*\)[ ]*$/  {\"\1\", (void *) 0},/p'\'' -e '\''s/^[ABCDGIRSTW]* \([^ ]*\) \([^ ]*\)$/  {"\2", (void *) \&\2},/p'\'''
lt_cv_sys_global_symbol_to_c_name_address_lib_prefix='sed -n -e '\''s/^: \([^ ]*\)[ ]*$/  {\"\1\", (void *) 0},/p'\'' -e '\''s/^[ABCDGIRSTW]* \([^ ]*\) \(lib[^ ]*\)$/  {"\2", (void *) \&\2},/p'\'' -e '\''s/^[ABCDGIRSTW]* \([^ ]*\) \([^ ]*\)$/  {"lib\2", (void *) \&\2},/p'\'''
lt_cv_sys_global_symbol_to_cdecl='sed -n -e '\''s/^T .* \(.*\)$/extern int \1();/p'\'' -e '\''s/^[ABCDGIRSTW]* .* \(.*\)$/extern char \1;/p'\'''
lt_cv_sys_max_cmd_len=3458764513820540925
lt_cv_to_host_file_cmd=func_convert_file_noop
lt_cv_to_tool_file_cmd=func_convert_file_noop

## ----------------- ##
## Output variables. ##
## ----------------- ##

ACLOCAL='${SHELL} /home/jourlin/FELTS/cmph-2.0/missing --run aclocal-1.11'
AMDEPBACKSLASH='\'
AMDEP_FALSE='#'
AMDEP_TRUE=''
AMTAR='${SHELL} /home/jourlin/FELTS/cmph-2.0/missing --run tar'
AR='ar'
AUTOCONF='${SHELL} /home/jourlin/FELTS/cmph-2.0/missing --run autoconf'
AUTOHEADER='${SHELL} /home/jourlin/FELTS/cmph-2.0/missing --run autoheader'
AUTOMAKE='${SHELL} /home/jourlin/FELTS/cmph-2.0/missing --run automake-1.11'
AWK='mawk'
CC='gcc'
CCDEPMODE='depmode=gcc3'
CFLAGS='-Wall'
CHECK_CFLAGS=''
CHECK_LIBS=''
CPP='gcc -E'
CPPFLAGS=''
CXX='g++'
CXXCPP=''
CXXDEPMODE='depmode=none'
CXXFLAGS='-Wall -Wno-unused-function -DNDEBUG -O3 -fomit-frame-pointer '
CXXMPH=''
CYGPATH_W='echo'
DEFS='-DHAVE_CONFIG_H'
DEPDIR='.deps'
DLLTOOL='false'
DSYMUTIL=''
DUMPBIN=''
ECHO_C=''
ECHO_N='-n'
ECHO_T=''
EGREP='/bin/grep -E'
EXEEXT=''
FGREP='/bin/grep -F'
GETCONF='getconf'
GREP='/bin/grep'
INSTALL_DATA='${INSTALL} -m 644'
INSTALL_PROGRAM='${INSTALL}'
INSTALL_SCRIPT='${INSTALL}'
INSTALL_STRIP_PROGRAM='$(install_sh) -c -s'
LD='/usr/bin/ld -m elf_x86_64'
LDFLAGS='-lm  '
LIBM='-lm'
LIBOBJS=''
LIBS=' '
LIBTOOL='$(SHELL) $(top_builddir)/libtool'
LIPO=''
LN_S='ln -s'
LTLIBOBJS=''
MAKEINFO='${SHELL} /home/jourlin/FELTS/cmph-2.0/missing --run makeinfo'
MANIFEST_TOOL=':'
MKDIR_P='/bin/mkdir -p'
NM='/usr/bin/nm -B'
NMEDIT=''
OBJDUMP='objdump'
OBJEXT='o'
OTOOL64=''
OTOOL=''
PACKAGE='cmph'
PACKAGE_BUGREPORT=''
PACKAGE_NAME=''
PACKAGE_STRING=''
PACKAGE_TARNAME=''
PACKAGE_URL=''
PACKAGE_VERSION=''
PATH_SEPARATOR=':'
RANLIB='ranlib'
SED='/bin/sed'
SET_MAKE=''
SHELL='/bin/bash'
STRIP='strip'
USE_CXXMPH_FALSE=''
USE_CXXMPH_TRUE='#'
USE_LIBCHECK_FALSE=''
USE_LIBCHECK_TRUE='#'
VERSION='2.0'
ac_ct_AR='ar'
ac_ct_CC='gcc'
ac_ct_CXX=''
ac_ct_DUMPBIN=''
am__EXEEXT_FALSE=''
am__EXEEXT_TRUE='#'
am__fastdepCC_FALSE='#'
am__fastdepCC_TRUE=''
am__fastdepCXX_FALSE=''
am__fastdepCXX_TRUE='#'
am__include='include'
am__isrc=''
am__leading_dot='.'
am__quote=''
am__tar='${AMTAR} chof - "$$tardir"'
am__untar='${AMTAR} xf -'
bindir='${exec_prefix}/bin'
build='x86_64-unknown-linux-gnu'
build_alias=''
build_cpu='x86_64'
build_os='linux-gnu'
build_vendor='unknown'
datadir='${datarootdir}'
datarootdir='${prefix}/share'
docdir='${datarootdir}/doc/${PACKAGE}'
dvidir='${docdir}'
exec_prefix='${prefix}'
host='x86_64-unknown-linux-gnu'
host_alias=''
host_cpu='x86_64'
host_os='linux-gnu'
host_vendor='unknown'
htmldir='${docdir}'
includedir='${prefix}/include'
infodir='${datarootdir}/info'
install_sh='${SHELL} /home/jourlin/FELTS/cmph-2.0/install-sh'
libdir='${exec_prefix}/lib'
libexecdir='${exec_prefix}/libexec'
localedir='${datarootdir}/locale'
localstatedir='${prefix}/var'
mandir='${datarootdir}/man'
mkdir_p='/bin/mkdir -p'
oldincludedir='/usr/include'
pdfdir='${docdir}'
prefix='/usr/local'
program_transform_name='s,x,x,'
psdir='${docdir}'
sbindir='${exec_prefix}/sbin'
sharedstatedir='${prefix}/com'
sysconfdir='${prefix}/etc'
target_alias=''

## ----------- ##
## confdefs.h. ##
## ----------- ##

/* confdefs.h */
#define PACKAGE_NAME ""
#define PACKAGE_TARNAME ""
#define PACKAGE_VERSION ""
#define PACKAGE_STRING ""
#define PACKAGE_BUGREPORT ""
#define PACKAGE_URL ""
#define PACKAGE "cmph"
#define VERSION "2.0"
#define STDC_HEADERS 1
#define HAVE_SYS_TYPES_H 1
#define HAVE_SYS_STAT_H 1
#define HAVE_STDLIB_H 1
#define HAVE_STRING_H 1
#define HAVE_MEMORY_H 1
#define HAVE_STRINGS_H 1
#define HAVE_INTTYPES_H 1
#define HAVE_STDINT_H 1
#define HAVE_UNISTD_H 1
#define HAVE_DLFCN_H 1
#define LT_OBJDIR ".libs/"
#define HAVE_GETOPT_H 1
#define HAVE_MATH_H 1

configure: exit 0
